<?xml version="1.0" encoding="UTF-8"?>
<testsuite xmlns:xsi="http://www.w3.org/2001/XMLSchema-instance" xsi:noNamespaceSchemaLocation="https://maven.apache.org/surefire/maven-surefire-plugin/xsd/surefire-test-report-3.0.xsd" version="3.0" name="com.udacity.catpoint.security.SecurityServiceTest" time="0.703" tests="22" errors="0" skipped="0" failures="0">
  <properties>
[...]
</properties>
  <testcase name="alarmArmedAndSensorActivated_systemReturnPending" classname="com.udacity.catpoint.security.SecurityServiceTest" time="0.516"/>
  <testcase name="changingSensorState_returnNoChangingInAlarm(boolean)[1]" classname="com.udacity.catpoint.security.SecurityServiceTest" time="0.032"/>
  <testcase name="changingSensorState_returnNoChangingInAlarm(boolean)[2]" classname="com.udacity.catpoint.security.SecurityServiceTest" time="0"/>
  <testcase name="systemArmedHomeCatImageDetected_returnAlarmStatusAlarm" classname="com.udacity.catpoint.security.SecurityServiceTest" time="0.078"/>
  <testcase name="activeSensorAlreadyActivatedAndAlarmPending_returnAlarmStatusAlarm" classname="com.udacity.catpoint.security.SecurityServiceTest" time="0"/>
  <testcase name="deactivatedSensorAlreadyInactive_returnNoChangeToAlarmState(AlarmStatus)[1]" classname="com.udacity.catpoint.security.SecurityServiceTest" time="0"/>
  <testcase name="deactivatedSensorAlreadyInactive_returnNoChangeToAlarmState(AlarmStatus)[2]" classname="com.udacity.catpoint.security.SecurityServiceTest" time="0"/>
  <testcase name="deactivatedSensorAlreadyInactive_returnNoChangeToAlarmState(AlarmStatus)[3]" classname="com.udacity.catpoint.security.SecurityServiceTest" time="0"/>
  <testcase name="systemArmedHomeAndCatDetected_returnAlarmStatusAlarm(ArmingStatus)[1]" classname="com.udacity.catpoint.security.SecurityServiceTest" time="0"/>
  <testcase name="systemArmedHomeAndCatDetected_returnAlarmStatusAlarm(ArmingStatus)[2]" classname="com.udacity.catpoint.security.SecurityServiceTest" time="0"/>
  <testcase name="systemArmed_resetAllSensorsToInactive(ArmingStatus)[1]" classname="com.udacity.catpoint.security.SecurityServiceTest" time="0.016"/>
  <testcase name="systemArmed_resetAllSensorsToInactive(ArmingStatus)[2]" classname="com.udacity.catpoint.security.SecurityServiceTest" time="0"/>
  <testcase name="addAndRemoveSensor" classname="com.udacity.catpoint.security.SecurityServiceTest" time="0"/>
  <testcase name="pendingAlarmAndSensorsInactivated_returnNoAlarm" classname="com.udacity.catpoint.security.SecurityServiceTest" time="0"/>
  <testcase name="noCatDetectedAndSensorInactive_returnAlarmStatusNoAlarm" classname="com.udacity.catpoint.security.SecurityServiceTest" time="0"/>
  <testcase name="callGetAlarmStatus_returnAlarmStatus(AlarmStatus)[1]" classname="com.udacity.catpoint.security.SecurityServiceTest" time="0"/>
  <testcase name="callGetAlarmStatus_returnAlarmStatus(AlarmStatus)[2]" classname="com.udacity.catpoint.security.SecurityServiceTest" time="0"/>
  <testcase name="callGetAlarmStatus_returnAlarmStatus(AlarmStatus)[3]" classname="com.udacity.catpoint.security.SecurityServiceTest" time="0.016"/>
  <testcase name="addAndRemoveStatusListener" classname="com.udacity.catpoint.security.SecurityServiceTest" time="0"/>
  <testcase name="systemDisarmed_returnAlarmStatusNoAlarm" classname="com.udacity.catpoint.security.SecurityServiceTest" time="0"/>
  <testcase name="resetSensors_sensorsReturnInactive" classname="com.udacity.catpoint.security.SecurityServiceTest" time="0"/>
  <testcase name="systemPendingAlarmArmedSensorActivated_returnAlarmToAlarm" classname="com.udacity.catpoint.security.SecurityServiceTest" time="0"/>
</testsuite>